<?xml version="1.0" encoding="UTF-8"?>
<testsuite xmlns:xsi="http://www.w3.org/2001/XMLSchema-instance" xsi:noNamespaceSchemaLocation="https://maven.apache.org/surefire/maven-surefire-plugin/xsd/surefire-test-report-3.0.xsd" version="3.0" name="com.lovablecline.repository.UserRepositoryTest" time="0.051" tests="17" errors="0" skipped="0" failures="0">
  <properties>
    <property name="java.specification.version" value="17"/>
    <property name="sun.jnu.encoding" value="UTF-8"/>
    <property name="java.class.path" value="/Users/khassangali/dev/flipApp/springboot-backend/target/test-classes:/Users/khassangali/dev/flipApp/springboot-backend/target/classes:/Users/khassangali/.m2/repository/org/springframework/boot/spring-boot-starter-web/3.3.0/spring-boot-starter-web-3.3.0.jar:/Users/khassangali/.m2/repository/org/springframework/boot/spring-boot-starter/3.3.0/spring-boot-starter-3.3.0.jar:/Users/khassangali/.m2/repository/org/springframework/boot/spring-boot-starter-logging/3.3.0/spring-boot-starter-logging-3.3.0.jar:/Users/khassangali/.m2/repository/ch/qos/logback/logback-classic/1.5.6/logback-classic-1.5.6.jar:/Users/khassangali/.m2/repository/ch/qos/logback/logback-core/1.5.6/logback-core-1.5.6.jar:/Users/khassangali/.m2/repository/org/apache/logging/log4j/log4j-to-slf4j/2.23.1/log4j-to-slf4j-2.23.1.jar:/Users/khassangali/.m2/repository/org/apache/logging/log4j/log4j-api/2.23.1/log4j-api-2.23.1.jar:/Users/khassangali/.m2/repository/org/slf4j/jul-to-slf4j/2.0.13/jul-to-slf4j-2.0.13.jar:/Users/khassangali/.m2/repository/jakarta/annotation/jakarta.annotation-api/2.1.1/jakarta.annotation-api-2.1.1.jar:/Users/khassangali/.m2/repository/org/yaml/snakeyaml/2.2/snakeyaml-2.2.jar:/Users/khassangali/.m2/repository/org/springframework/boot/spring-boot-starter-json/3.3.0/spring-boot-starter-json-3.3.0.jar:/Users/khassangali/.m2/repository/com/fasterxml/jackson/datatype/jackson-datatype-jdk8/2.17.1/jackson-datatype-jdk8-2.17.1.jar:/Users/khassangali/.m2/repository/com/fasterxml/jackson/module/jackson-module-parameter-names/2.17.1/jackson-module-parameter-names-2.17.1.jar:/Users/khassangali/.m2/repository/org/springframework/boot/spring-boot-starter-tomcat/3.3.0/spring-boot-starter-tomcat-3.3.0.jar:/Users/khassangali/.m2/repository/org/apache/tomcat/embed/tomcat-embed-core/10.1.24/tomcat-embed-core-10.1.24.jar:/Users/khassangali/.m2/repository/org/apache/tomcat/embed/tomcat-embed-websocket/10.1.24/tomcat-embed-websocket-10.1.24.jar:/Users/khassangali/.m2/repository/org/springframework/spring-web/6.1.8/spring-web-6.1.8.jar:/Users/khassangali/.m2/repository/org/springframework/spring-beans/6.1.8/spring-beans-6.1.8.jar:/Users/khassangali/.m2/repository/io/micrometer/micrometer-observation/1.13.0/micrometer-observation-1.13.0.jar:/Users/khassangali/.m2/repository/io/micrometer/micrometer-commons/1.13.0/micrometer-commons-1.13.0.jar:/Users/khassangali/.m2/repository/org/springframework/spring-webmvc/6.1.8/spring-webmvc-6.1.8.jar:/Users/khassangali/.m2/repository/org/springframework/spring-aop/6.1.8/spring-aop-6.1.8.jar:/Users/khassangali/.m2/repository/org/springframework/spring-context/6.1.8/spring-context-6.1.8.jar:/Users/khassangali/.m2/repository/org/springframework/spring-expression/6.1.8/spring-expression-6.1.8.jar:/Users/khassangali/.m2/repository/org/springframework/boot/spring-boot-starter-data-jpa/3.3.0/spring-boot-starter-data-jpa-3.3.0.jar:/Users/khassangali/.m2/repository/org/springframework/boot/spring-boot-starter-aop/3.3.0/spring-boot-starter-aop-3.3.0.jar:/Users/khassangali/.m2/repository/org/aspectj/aspectjweaver/1.9.22/aspectjweaver-1.9.22.jar:/Users/khassangali/.m2/repository/org/springframework/boot/spring-boot-starter-jdbc/3.3.0/spring-boot-starter-jdbc-3.3.0.jar:/Users/khassangali/.m2/repository/com/zaxxer/HikariCP/5.1.0/HikariCP-5.1.0.jar:/Users/khassangali/.m2/repository/org/springframework/spring-jdbc/6.1.8/spring-jdbc-6.1.8.jar:/Users/khassangali/.m2/repository/org/hibernate/orm/hibernate-core/6.5.2.Final/hibernate-core-6.5.2.Final.jar:/Users/khassangali/.m2/repository/jakarta/persistence/jakarta.persistence-api/3.1.0/jakarta.persistence-api-3.1.0.jar:/Users/khassangali/.m2/repository/jakarta/transaction/jakarta.transaction-api/2.0.1/jakarta.transaction-api-2.0.1.jar:/Users/khassangali/.m2/repository/org/hibernate/common/hibernate-commons-annotations/6.0.6.Final/hibernate-commons-annotations-6.0.6.Final.jar:/Users/khassangali/.m2/repository/io/smallrye/jandex/3.1.2/jandex-3.1.2.jar:/Users/khassangali/.m2/repository/com/fasterxml/classmate/1.7.0/classmate-1.7.0.jar:/Users/khassangali/.m2/repository/org/glassfish/jaxb/jaxb-runtime/4.0.5/jaxb-runtime-4.0.5.jar:/Users/khassangali/.m2/repository/org/glassfish/jaxb/jaxb-core/4.0.5/jaxb-core-4.0.5.jar:/Users/khassangali/.m2/repository/org/eclipse/angus/angus-activation/2.0.2/angus-activation-2.0.2.jar:/Users/khassangali/.m2/repository/org/glassfish/jaxb/txw2/4.0.5/txw2-4.0.5.jar:/Users/khassangali/.m2/repository/com/sun/istack/istack-commons-runtime/4.1.2/istack-commons-runtime-4.1.2.jar:/Users/khassangali/.m2/repository/jakarta/inject/jakarta.inject-api/2.0.1/jakarta.inject-api-2.0.1.jar:/Users/khassangali/.m2/repository/org/antlr/antlr4-runtime/4.13.0/antlr4-runtime-4.13.0.jar:/Users/khassangali/.m2/repository/org/springframework/data/spring-data-jpa/3.3.0/spring-data-jpa-3.3.0.jar:/Users/khassangali/.m2/repository/org/springframework/data/spring-data-commons/3.3.0/spring-data-commons-3.3.0.jar:/Users/khassangali/.m2/repository/org/springframework/spring-orm/6.1.8/spring-orm-6.1.8.jar:/Users/khassangali/.m2/repository/org/springframework/spring-tx/6.1.8/spring-tx-6.1.8.jar:/Users/khassangali/.m2/repository/org/slf4j/slf4j-api/2.0.13/slf4j-api-2.0.13.jar:/Users/khassangali/.m2/repository/org/springframework/spring-aspects/6.1.8/spring-aspects-6.1.8.jar:/Users/khassangali/.m2/repository/org/xerial/sqlite-jdbc/3.42.0.0/sqlite-jdbc-3.42.0.0.jar:/Users/khassangali/.m2/repository/org/hibernate/orm/hibernate-community-dialects/6.3.1.Final/hibernate-community-dialects-6.3.1.Final.jar:/Users/khassangali/.m2/repository/org/jboss/logging/jboss-logging/3.5.3.Final/jboss-logging-3.5.3.Final.jar:/Users/khassangali/.m2/repository/io/jsonwebtoken/jjwt-api/0.11.5/jjwt-api-0.11.5.jar:/Users/khassangali/.m2/repository/io/jsonwebtoken/jjwt-impl/0.11.5/jjwt-impl-0.11.5.jar:/Users/khassangali/.m2/repository/io/jsonwebtoken/jjwt-jackson/0.11.5/jjwt-jackson-0.11.5.jar:/Users/khassangali/.m2/repository/com/fasterxml/jackson/core/jackson-databind/2.17.1/jackson-databind-2.17.1.jar:/Users/khassangali/.m2/repository/org/springframework/security/spring-security-crypto/6.3.0/spring-security-crypto-6.3.0.jar:/Users/khassangali/.m2/repository/org/springframework/boot/spring-boot-starter-validation/3.3.0/spring-boot-starter-validation-3.3.0.jar:/Users/khassangali/.m2/repository/org/apache/tomcat/embed/tomcat-embed-el/10.1.24/tomcat-embed-el-10.1.24.jar:/Users/khassangali/.m2/repository/org/hibernate/validator/hibernate-validator/8.0.1.Final/hibernate-validator-8.0.1.Final.jar:/Users/khassangali/.m2/repository/jakarta/validation/jakarta.validation-api/3.0.2/jakarta.validation-api-3.0.2.jar:/Users/khassangali/.m2/repository/commons-io/commons-io/2.13.0/commons-io-2.13.0.jar:/Users/khassangali/.m2/repository/com/fasterxml/jackson/datatype/jackson-datatype-jsr310/2.17.1/jackson-datatype-jsr310-2.17.1.jar:/Users/khassangali/.m2/repository/com/fasterxml/jackson/core/jackson-annotations/2.17.1/jackson-annotations-2.17.1.jar:/Users/khassangali/.m2/repository/com/fasterxml/jackson/core/jackson-core/2.17.1/jackson-core-2.17.1.jar:/Users/khassangali/.m2/repository/org/springframework/boot/spring-boot-devtools/3.3.0/spring-boot-devtools-3.3.0.jar:/Users/khassangali/.m2/repository/org/springframework/boot/spring-boot/3.3.0/spring-boot-3.3.0.jar:/Users/khassangali/.m2/repository/org/springframework/boot/spring-boot-autoconfigure/3.3.0/spring-boot-autoconfigure-3.3.0.jar:/Users/khassangali/.m2/repository/org/springframework/boot/spring-boot-starter-test/3.3.0/spring-boot-starter-test-3.3.0.jar:/Users/khassangali/.m2/repository/org/springframework/boot/spring-boot-test/3.3.0/spring-boot-test-3.3.0.jar:/Users/khassangali/.m2/repository/org/springframework/boot/spring-boot-test-autoconfigure/3.3.0/spring-boot-test-autoconfigure-3.3.0.jar:/Users/khassangali/.m2/repository/com/jayway/jsonpath/json-path/2.9.0/json-path-2.9.0.jar:/Users/khassangali/.m2/repository/jakarta/xml/bind/jakarta.xml.bind-api/4.0.2/jakarta.xml.bind-api-4.0.2.jar:/Users/khassangali/.m2/repository/jakarta/activation/jakarta.activation-api/2.1.3/jakarta.activation-api-2.1.3.jar:/Users/khassangali/.m2/repository/net/minidev/json-smart/2.5.1/json-smart-2.5.1.jar:/Users/khassangali/.m2/repository/net/minidev/accessors-smart/2.5.1/accessors-smart-2.5.1.jar:/Users/khassangali/.m2/repository/org/ow2/asm/asm/9.6/asm-9.6.jar:/Users/khassangali/.m2/repository/org/assertj/assertj-core/3.25.3/assertj-core-3.25.3.jar:/Users/khassangali/.m2/repository/org/awaitility/awaitility/4.2.1/awaitility-4.2.1.jar:/Users/khassangali/.m2/repository/org/hamcrest/hamcrest/2.2/hamcrest-2.2.jar:/Users/khassangali/.m2/repository/org/junit/jupiter/junit-jupiter/5.10.2/junit-jupiter-5.10.2.jar:/Users/khassangali/.m2/repository/org/junit/jupiter/junit-jupiter-api/5.10.2/junit-jupiter-api-5.10.2.jar:/Users/khassangali/.m2/repository/org/opentest4j/opentest4j/1.3.0/opentest4j-1.3.0.jar:/Users/khassangali/.m2/repository/org/junit/platform/junit-platform-commons/1.10.2/junit-platform-commons-1.10.2.jar:/Users/khassangali/.m2/repository/org/apiguardian/apiguardian-api/1.1.2/apiguardian-api-1.1.2.jar:/Users/khassangali/.m2/repository/org/junit/jupiter/junit-jupiter-params/5.10.2/junit-jupiter-params-5.10.2.jar:/Users/khassangali/.m2/repository/org/junit/jupiter/junit-jupiter-engine/5.10.2/junit-jupiter-engine-5.10.2.jar:/Users/khassangali/.m2/repository/org/junit/platform/junit-platform-engine/1.10.2/junit-platform-engine-1.10.2.jar:/Users/khassangali/.m2/repository/org/mockito/mockito-junit-jupiter/5.11.0/mockito-junit-jupiter-5.11.0.jar:/Users/khassangali/.m2/repository/org/skyscreamer/jsonassert/1.5.1/jsonassert-1.5.1.jar:/Users/khassangali/.m2/repository/com/vaadin/external/google/android-json/0.0.20131108.vaadin1/android-json-0.0.20131108.vaadin1.jar:/Users/khassangali/.m2/repository/org/springframework/spring-core/6.1.8/spring-core-6.1.8.jar:/Users/khassangali/.m2/repository/org/springframework/spring-jcl/6.1.8/spring-jcl-6.1.8.jar:/Users/khassangali/.m2/repository/org/springframework/spring-test/6.1.8/spring-test-6.1.8.jar:/Users/khassangali/.m2/repository/org/xmlunit/xmlunit-core/2.9.1/xmlunit-core-2.9.1.jar:/Users/khassangali/.m2/repository/org/mockito/mockito-core/5.12.0/mockito-core-5.12.0.jar:/Users/khassangali/.m2/repository/net/bytebuddy/byte-buddy/1.14.16/byte-buddy-1.14.16.jar:/Users/khassangali/.m2/repository/net/bytebuddy/byte-buddy-agent/1.14.16/byte-buddy-agent-1.14.16.jar:/Users/khassangali/.m2/repository/org/objenesis/objenesis/3.3/objenesis-3.3.jar:/Users/khassangali/.m2/repository/com/h2database/h2/2.2.224/h2-2.2.224.jar:"/>
    <property name="java.vm.vendor" value="Amazon.com Inc."/>
    <property name="sun.arch.data.model" value="64"/>
    <property name="java.vendor.url" value="https://aws.amazon.com/corretto/"/>
    <property name="user.timezone" value="America/Los_Angeles"/>
    <property name="org.jboss.logging.provider" value="slf4j"/>
    <property name="os.name" value="Mac OS X"/>
    <property name="java.vm.specification.version" value="17"/>
    <property name="sun.java.launcher" value="SUN_STANDARD"/>
    <property name="user.country" value="US"/>
    <property name="sun.boot.library.path" value="/Users/khassangali/Library/Java/JavaVirtualMachines/corretto-17.0.12/Contents/Home/lib"/>
    <property name="sun.java.command" value="/Users/khassangali/dev/flipApp/springboot-backend/target/surefire/surefirebooter-20250825010420875_3.jar /Users/khassangali/dev/flipApp/springboot-backend/target/surefire 2025-08-25T01-04-20_834-jvmRun1 surefire-20250825010420875_1tmp surefire_0-20250825010420875_2tmp"/>
    <property name="http.nonProxyHosts" value="local|*.local|169.254/16|*.169.254/16"/>
    <property name="jdk.debug" value="release"/>
    <property name="surefire.test.class.path" value="/Users/khassangali/dev/flipApp/springboot-backend/target/test-classes:/Users/khassangali/dev/flipApp/springboot-backend/target/classes:/Users/khassangali/.m2/repository/org/springframework/boot/spring-boot-starter-web/3.3.0/spring-boot-starter-web-3.3.0.jar:/Users/khassangali/.m2/repository/org/springframework/boot/spring-boot-starter/3.3.0/spring-boot-starter-3.3.0.jar:/Users/khassangali/.m2/repository/org/springframework/boot/spring-boot-starter-logging/3.3.0/spring-boot-starter-logging-3.3.0.jar:/Users/khassangali/.m2/repository/ch/qos/logback/logback-classic/1.5.6/logback-classic-1.5.6.jar:/Users/khassangali/.m2/repository/ch/qos/logback/logback-core/1.5.6/logback-core-1.5.6.jar:/Users/khassangali/.m2/repository/org/apache/logging/log4j/log4j-to-slf4j/2.23.1/log4j-to-slf4j-2.23.1.jar:/Users/khassangali/.m2/repository/org/apache/logging/log4j/log4j-api/2.23.1/log4j-api-2.23.1.jar:/Users/khassangali/.m2/repository/org/slf4j/jul-to-slf4j/2.0.13/jul-to-slf4j-2.0.13.jar:/Users/khassangali/.m2/repository/jakarta/annotation/jakarta.annotation-api/2.1.1/jakarta.annotation-api-2.1.1.jar:/Users/khassangali/.m2/repository/org/yaml/snakeyaml/2.2/snakeyaml-2.2.jar:/Users/khassangali/.m2/repository/org/springframework/boot/spring-boot-starter-json/3.3.0/spring-boot-starter-json-3.3.0.jar:/Users/khassangali/.m2/repository/com/fasterxml/jackson/datatype/jackson-datatype-jdk8/2.17.1/jackson-datatype-jdk8-2.17.1.jar:/Users/khassangali/.m2/repository/com/fasterxml/jackson/module/jackson-module-parameter-names/2.17.1/jackson-module-parameter-names-2.17.1.jar:/Users/khassangali/.m2/repository/org/springframework/boot/spring-boot-starter-tomcat/3.3.0/spring-boot-starter-tomcat-3.3.0.jar:/Users/khassangali/.m2/repository/org/apache/tomcat/embed/tomcat-embed-core/10.1.24/tomcat-embed-core-10.1.24.jar:/Users/khassangali/.m2/repository/org/apache/tomcat/embed/tomcat-embed-websocket/10.1.24/tomcat-embed-websocket-10.1.24.jar:/Users/khassangali/.m2/repository/org/springframework/spring-web/6.1.8/spring-web-6.1.8.jar:/Users/khassangali/.m2/repository/org/springframework/spring-beans/6.1.8/spring-beans-6.1.8.jar:/Users/khassangali/.m2/repository/io/micrometer/micrometer-observation/1.13.0/micrometer-observation-1.13.0.jar:/Users/khassangali/.m2/repository/io/micrometer/micrometer-commons/1.13.0/micrometer-commons-1.13.0.jar:/Users/khassangali/.m2/repository/org/springframework/spring-webmvc/6.1.8/spring-webmvc-6.1.8.jar:/Users/khassangali/.m2/repository/org/springframework/spring-aop/6.1.8/spring-aop-6.1.8.jar:/Users/khassangali/.m2/repository/org/springframework/spring-context/6.1.8/spring-context-6.1.8.jar:/Users/khassangali/.m2/repository/org/springframework/spring-expression/6.1.8/spring-expression-6.1.8.jar:/Users/khassangali/.m2/repository/org/springframework/boot/spring-boot-starter-data-jpa/3.3.0/spring-boot-starter-data-jpa-3.3.0.jar:/Users/khassangali/.m2/repository/org/springframework/boot/spring-boot-starter-aop/3.3.0/spring-boot-starter-aop-3.3.0.jar:/Users/khassangali/.m2/repository/org/aspectj/aspectjweaver/1.9.22/aspectjweaver-1.9.22.jar:/Users/khassangali/.m2/repository/org/springframework/boot/spring-boot-starter-jdbc/3.3.0/spring-boot-starter-jdbc-3.3.0.jar:/Users/khassangali/.m2/repository/com/zaxxer/HikariCP/5.1.0/HikariCP-5.1.0.jar:/Users/khassangali/.m2/repository/org/springframework/spring-jdbc/6.1.8/spring-jdbc-6.1.8.jar:/Users/khassangali/.m2/repository/org/hibernate/orm/hibernate-core/6.5.2.Final/hibernate-core-6.5.2.Final.jar:/Users/khassangali/.m2/repository/jakarta/persistence/jakarta.persistence-api/3.1.0/jakarta.persistence-api-3.1.0.jar:/Users/khassangali/.m2/repository/jakarta/transaction/jakarta.transaction-api/2.0.1/jakarta.transaction-api-2.0.1.jar:/Users/khassangali/.m2/repository/org/hibernate/common/hibernate-commons-annotations/6.0.6.Final/hibernate-commons-annotations-6.0.6.Final.jar:/Users/khassangali/.m2/repository/io/smallrye/jandex/3.1.2/jandex-3.1.2.jar:/Users/khassangali/.m2/repository/com/fasterxml/classmate/1.7.0/classmate-1.7.0.jar:/Users/khassangali/.m2/repository/org/glassfish/jaxb/jaxb-runtime/4.0.5/jaxb-runtime-4.0.5.jar:/Users/khassangali/.m2/repository/org/glassfish/jaxb/jaxb-core/4.0.5/jaxb-core-4.0.5.jar:/Users/khassangali/.m2/repository/org/eclipse/angus/angus-activation/2.0.2/angus-activation-2.0.2.jar:/Users/khassangali/.m2/repository/org/glassfish/jaxb/txw2/4.0.5/txw2-4.0.5.jar:/Users/khassangali/.m2/repository/com/sun/istack/istack-commons-runtime/4.1.2/istack-commons-runtime-4.1.2.jar:/Users/khassangali/.m2/repository/jakarta/inject/jakarta.inject-api/2.0.1/jakarta.inject-api-2.0.1.jar:/Users/khassangali/.m2/repository/org/antlr/antlr4-runtime/4.13.0/antlr4-runtime-4.13.0.jar:/Users/khassangali/.m2/repository/org/springframework/data/spring-data-jpa/3.3.0/spring-data-jpa-3.3.0.jar:/Users/khassangali/.m2/repository/org/springframework/data/spring-data-commons/3.3.0/spring-data-commons-3.3.0.jar:/Users/khassangali/.m2/repository/org/springframework/spring-orm/6.1.8/spring-orm-6.1.8.jar:/Users/khassangali/.m2/repository/org/springframework/spring-tx/6.1.8/spring-tx-6.1.8.jar:/Users/khassangali/.m2/repository/org/slf4j/slf4j-api/2.0.13/slf4j-api-2.0.13.jar:/Users/khassangali/.m2/repository/org/springframework/spring-aspects/6.1.8/spring-aspects-6.1.8.jar:/Users/khassangali/.m2/repository/org/xerial/sqlite-jdbc/3.42.0.0/sqlite-jdbc-3.42.0.0.jar:/Users/khassangali/.m2/repository/org/hibernate/orm/hibernate-community-dialects/6.3.1.Final/hibernate-community-dialects-6.3.1.Final.jar:/Users/khassangali/.m2/repository/org/jboss/logging/jboss-logging/3.5.3.Final/jboss-logging-3.5.3.Final.jar:/Users/khassangali/.m2/repository/io/jsonwebtoken/jjwt-api/0.11.5/jjwt-api-0.11.5.jar:/Users/khassangali/.m2/repository/io/jsonwebtoken/jjwt-impl/0.11.5/jjwt-impl-0.11.5.jar:/Users/khassangali/.m2/repository/io/jsonwebtoken/jjwt-jackson/0.11.5/jjwt-jackson-0.11.5.jar:/Users/khassangali/.m2/repository/com/fasterxml/jackson/core/jackson-databind/2.17.1/jackson-databind-2.17.1.jar:/Users/khassangali/.m2/repository/org/springframework/security/spring-security-crypto/6.3.0/spring-security-crypto-6.3.0.jar:/Users/khassangali/.m2/repository/org/springframework/boot/spring-boot-starter-validation/3.3.0/spring-boot-starter-validation-3.3.0.jar:/Users/khassangali/.m2/repository/org/apache/tomcat/embed/tomcat-embed-el/10.1.24/tomcat-embed-el-10.1.24.jar:/Users/khassangali/.m2/repository/org/hibernate/validator/hibernate-validator/8.0.1.Final/hibernate-validator-8.0.1.Final.jar:/Users/khassangali/.m2/repository/jakarta/validation/jakarta.validation-api/3.0.2/jakarta.validation-api-3.0.2.jar:/Users/khassangali/.m2/repository/commons-io/commons-io/2.13.0/commons-io-2.13.0.jar:/Users/khassangali/.m2/repository/com/fasterxml/jackson/datatype/jackson-datatype-jsr310/2.17.1/jackson-datatype-jsr310-2.17.1.jar:/Users/khassangali/.m2/repository/com/fasterxml/jackson/core/jackson-annotations/2.17.1/jackson-annotations-2.17.1.jar:/Users/khassangali/.m2/repository/com/fasterxml/jackson/core/jackson-core/2.17.1/jackson-core-2.17.1.jar:/Users/khassangali/.m2/repository/org/springframework/boot/spring-boot-devtools/3.3.0/spring-boot-devtools-3.3.0.jar:/Users/khassangali/.m2/repository/org/springframework/boot/spring-boot/3.3.0/spring-boot-3.3.0.jar:/Users/khassangali/.m2/repository/org/springframework/boot/spring-boot-autoconfigure/3.3.0/spring-boot-autoconfigure-3.3.0.jar:/Users/khassangali/.m2/repository/org/springframework/boot/spring-boot-starter-test/3.3.0/spring-boot-starter-test-3.3.0.jar:/Users/khassangali/.m2/repository/org/springframework/boot/spring-boot-test/3.3.0/spring-boot-test-3.3.0.jar:/Users/khassangali/.m2/repository/org/springframework/boot/spring-boot-test-autoconfigure/3.3.0/spring-boot-test-autoconfigure-3.3.0.jar:/Users/khassangali/.m2/repository/com/jayway/jsonpath/json-path/2.9.0/json-path-2.9.0.jar:/Users/khassangali/.m2/repository/jakarta/xml/bind/jakarta.xml.bind-api/4.0.2/jakarta.xml.bind-api-4.0.2.jar:/Users/khassangali/.m2/repository/jakarta/activation/jakarta.activation-api/2.1.3/jakarta.activation-api-2.1.3.jar:/Users/khassangali/.m2/repository/net/minidev/json-smart/2.5.1/json-smart-2.5.1.jar:/Users/khassangali/.m2/repository/net/minidev/accessors-smart/2.5.1/accessors-smart-2.5.1.jar:/Users/khassangali/.m2/repository/org/ow2/asm/asm/9.6/asm-9.6.jar:/Users/khassangali/.m2/repository/org/assertj/assertj-core/3.25.3/assertj-core-3.25.3.jar:/Users/khassangali/.m2/repository/org/awaitility/awaitility/4.2.1/awaitility-4.2.1.jar:/Users/khassangali/.m2/repository/org/hamcrest/hamcrest/2.2/hamcrest-2.2.jar:/Users/khassangali/.m2/repository/org/junit/jupiter/junit-jupiter/5.10.2/junit-jupiter-5.10.2.jar:/Users/khassangali/.m2/repository/org/junit/jupiter/junit-jupiter-api/5.10.2/junit-jupiter-api-5.10.2.jar:/Users/khassangali/.m2/repository/org/opentest4j/opentest4j/1.3.0/opentest4j-1.3.0.jar:/Users/khassangali/.m2/repository/org/junit/platform/junit-platform-commons/1.10.2/junit-platform-commons-1.10.2.jar:/Users/khassangali/.m2/repository/org/apiguardian/apiguardian-api/1.1.2/apiguardian-api-1.1.2.jar:/Users/khassangali/.m2/repository/org/junit/jupiter/junit-jupiter-params/5.10.2/junit-jupiter-params-5.10.2.jar:/Users/khassangali/.m2/repository/org/junit/jupiter/junit-jupiter-engine/5.10.2/junit-jupiter-engine-5.10.2.jar:/Users/khassangali/.m2/repository/org/junit/platform/junit-platform-engine/1.10.2/junit-platform-engine-1.10.2.jar:/Users/khassangali/.m2/repository/org/mockito/mockito-junit-jupiter/5.11.0/mockito-junit-jupiter-5.11.0.jar:/Users/khassangali/.m2/repository/org/skyscreamer/jsonassert/1.5.1/jsonassert-1.5.1.jar:/Users/khassangali/.m2/repository/com/vaadin/external/google/android-json/0.0.20131108.vaadin1/android-json-0.0.20131108.vaadin1.jar:/Users/khassangali/.m2/repository/org/springframework/spring-core/6.1.8/spring-core-6.1.8.jar:/Users/khassangali/.m2/repository/org/springframework/spring-jcl/6.1.8/spring-jcl-6.1.8.jar:/Users/khassangali/.m2/repository/org/springframework/spring-test/6.1.8/spring-test-6.1.8.jar:/Users/khassangali/.m2/repository/org/xmlunit/xmlunit-core/2.9.1/xmlunit-core-2.9.1.jar:/Users/khassangali/.m2/repository/org/mockito/mockito-core/5.12.0/mockito-core-5.12.0.jar:/Users/khassangali/.m2/repository/net/bytebuddy/byte-buddy/1.14.16/byte-buddy-1.14.16.jar:/Users/khassangali/.m2/repository/net/bytebuddy/byte-buddy-agent/1.14.16/byte-buddy-agent-1.14.16.jar:/Users/khassangali/.m2/repository/org/objenesis/objenesis/3.3/objenesis-3.3.jar:/Users/khassangali/.m2/repository/com/h2database/h2/2.2.224/h2-2.2.224.jar:"/>
    <property name="sun.cpu.endian" value="little"/>
    <property name="user.home" value="/Users/khassangali"/>
    <property name="user.language" value="en"/>
    <property name="java.specification.vendor" value="Oracle Corporation"/>
    <property name="java.version.date" value="2024-07-16"/>
    <property name="java.home" value="/Users/khassangali/Library/Java/JavaVirtualMachines/corretto-17.0.12/Contents/Home"/>
    <property name="file.separator" value="/"/>
    <property name="basedir" value="/Users/khassangali/dev/flipApp/springboot-backend"/>
    <property name="java.vm.compressedOopsMode" value="Zero based"/>
    <property name="line.separator" value="&#10;"/>
    <property name="java.vm.specification.vendor" value="Oracle Corporation"/>
    <property name="java.specification.name" value="Java Platform API Specification"/>
    <property name="FILE_LOG_CHARSET" value="UTF-8"/>
    <property name="java.awt.headless" value="true"/>
    <property name="surefire.real.class.path" value="/Users/khassangali/dev/flipApp/springboot-backend/target/surefire/surefirebooter-20250825010420875_3.jar"/>
    <property name="sun.management.compiler" value="HotSpot 64-Bit Tiered Compilers"/>
    <property name="ftp.nonProxyHosts" value="local|*.local|169.254/16|*.169.254/16"/>
    <property name="java.runtime.version" value="17.0.12+7-LTS"/>
    <property name="user.name" value="khassangali"/>
    <property name="path.separator" value=":"/>
    <property name="os.version" value="14.4"/>
    <property name="java.runtime.name" value="OpenJDK Runtime Environment"/>
    <property name="file.encoding" value="UTF-8"/>
    <property name="java.vm.name" value="OpenJDK 64-Bit Server VM"/>
    <property name="java.vendor.version" value="Corretto-17.0.12.7.1"/>
    <property name="localRepository" value="/Users/khassangali/.m2/repository"/>
    <property name="java.vendor.url.bug" value="https://github.com/corretto/corretto-17/issues/"/>
    <property name="java.io.tmpdir" value="/var/folders/_c/5yy5nk050q7dp4vs_6tl6dhc0000gn/T/"/>
    <property name="java.version" value="17.0.12"/>
    <property name="user.dir" value="/Users/khassangali/dev/flipApp/springboot-backend"/>
    <property name="os.arch" value="aarch64"/>
    <property name="java.vm.specification.name" value="Java Virtual Machine Specification"/>
    <property name="PID" value="33247"/>
    <property name="CONSOLE_LOG_CHARSET" value="UTF-8"/>
    <property name="native.encoding" value="UTF-8"/>
    <property name="java.library.path" value="/Users/khassangali/Library/Java/Extensions:/Library/Java/Extensions:/Network/Library/Java/Extensions:/System/Library/Java/Extensions:/usr/lib/java:."/>
    <property name="java.vm.info" value="mixed mode, sharing"/>
    <property name="java.vendor" value="Amazon.com Inc."/>
    <property name="java.vm.version" value="17.0.12+7-LTS"/>
    <property name="sun.io.unicode.encoding" value="UnicodeBig"/>
    <property name="socksNonProxyHosts" value="local|*.local|169.254/16|*.169.254/16"/>
    <property name="java.class.version" value="61.0"/>
  </properties>
  <testcase name="findByEmail_WhenUserDoesNotExist_ReturnsEmpty" classname="com.lovablecline.repository.UserRepositoryTest" time="0.003">
    <system-out><![CDATA[2025-08-25T01:04:23.624-07:00  INFO 33247 --- [           main] t.c.s.AnnotationConfigContextLoaderUtils : Could not detect default configuration classes for test class [com.lovablecline.repository.UserRepositoryTest]: UserRepositoryTest does not declare any static, non-private, non-final, nested classes annotated with @Configuration.
2025-08-25T01:04:23.626-07:00  INFO 33247 --- [           main] .b.t.c.SpringBootTestContextBootstrapper : Found @SpringBootConfiguration com.lovablecline.LovableClineApplication for test class com.lovablecline.repository.UserRepositoryTest
2025-08-25T01:04:23.628-07:00 DEBUG 33247 --- [           main] org.hibernate.SQL                        : 
    insert 
    into
        users
        (created_at, email, is_active, is_anonymous, password, username, id) 
    values
        (?, ?, ?, ?, ?, ?, ?)
Hibernate: 
    insert 
    into
        users
        (created_at, email, is_active, is_anonymous, password, username, id) 
    values
        (?, ?, ?, ?, ?, ?, ?)
2025-08-25T01:04:23.628-07:00 DEBUG 33247 --- [           main] org.hibernate.SQL                        : 
    insert 
    into
        users
        (created_at, email, is_active, is_anonymous, password, username, id) 
    values
        (?, ?, ?, ?, ?, ?, ?)
Hibernate: 
    insert 
    into
        users
        (created_at, email, is_active, is_anonymous, password, username, id) 
    values
        (?, ?, ?, ?, ?, ?, ?)
2025-08-25T01:04:23.628-07:00 DEBUG 33247 --- [           main] org.hibernate.SQL                        : 
    insert 
    into
        users
        (created_at, email, is_active, is_anonymous, password, username, id) 
    values
        (?, ?, ?, ?, ?, ?, ?)
Hibernate: 
    insert 
    into
        users
        (created_at, email, is_active, is_anonymous, password, username, id) 
    values
        (?, ?, ?, ?, ?, ?, ?)
2025-08-25T01:04:23.629-07:00 DEBUG 33247 --- [           main] org.hibernate.SQL                        : 
    select
        u1_0.id,
        u1_0.created_at,
        u1_0.email,
        u1_0.is_active,
        u1_0.is_anonymous,
        u1_0.password,
        u1_0.username 
    from
        users u1_0 
    where
        u1_0.email=?
Hibernate: 
    select
        u1_0.id,
        u1_0.created_at,
        u1_0.email,
        u1_0.is_active,
        u1_0.is_anonymous,
        u1_0.password,
        u1_0.username 
    from
        users u1_0 
    where
        u1_0.email=?
]]></system-out>
  </testcase>
  <testcase name="findExpiredAnonymousUsers_WhenNoExpiredUsers_ReturnsEmptyList" classname="com.lovablecline.repository.UserRepositoryTest" time="0.004">
    <system-out><![CDATA[2025-08-25T01:04:23.631-07:00 DEBUG 33247 --- [           main] org.hibernate.SQL                        : 
    insert 
    into
        users
        (created_at, email, is_active, is_anonymous, password, username, id) 
    values
        (?, ?, ?, ?, ?, ?, ?)
Hibernate: 
    insert 
    into
        users
        (created_at, email, is_active, is_anonymous, password, username, id) 
    values
        (?, ?, ?, ?, ?, ?, ?)
2025-08-25T01:04:23.631-07:00 DEBUG 33247 --- [           main] org.hibernate.SQL                        : 
    insert 
    into
        users
        (created_at, email, is_active, is_anonymous, password, username, id) 
    values
        (?, ?, ?, ?, ?, ?, ?)
Hibernate: 
    insert 
    into
        users
        (created_at, email, is_active, is_anonymous, password, username, id) 
    values
        (?, ?, ?, ?, ?, ?, ?)
2025-08-25T01:04:23.632-07:00 DEBUG 33247 --- [           main] org.hibernate.SQL                        : 
    insert 
    into
        users
        (created_at, email, is_active, is_anonymous, password, username, id) 
    values
        (?, ?, ?, ?, ?, ?, ?)
Hibernate: 
    insert 
    into
        users
        (created_at, email, is_active, is_anonymous, password, username, id) 
    values
        (?, ?, ?, ?, ?, ?, ?)
2025-08-25T01:04:23.634-07:00 DEBUG 33247 --- [           main] org.hibernate.SQL                        : 
    select
        u1_0.id,
        u1_0.created_at,
        u1_0.email,
        u1_0.is_active,
        u1_0.is_anonymous,
        u1_0.password,
        u1_0.username 
    from
        users u1_0 
    where
        u1_0.is_anonymous=true 
        and u1_0.created_at<?
Hibernate: 
    select
        u1_0.id,
        u1_0.created_at,
        u1_0.email,
        u1_0.is_active,
        u1_0.is_anonymous,
        u1_0.password,
        u1_0.username 
    from
        users u1_0 
    where
        u1_0.is_anonymous=true 
        and u1_0.created_at<?
]]></system-out>
  </testcase>
  <testcase name="existsByEmail_WhenEmailDoesNotExist_ReturnsFalse" classname="com.lovablecline.repository.UserRepositoryTest" time="0.002">
    <system-out><![CDATA[2025-08-25T01:04:23.635-07:00 DEBUG 33247 --- [           main] org.hibernate.SQL                        : 
    insert 
    into
        users
        (created_at, email, is_active, is_anonymous, password, username, id) 
    values
        (?, ?, ?, ?, ?, ?, ?)
Hibernate: 
    insert 
    into
        users
        (created_at, email, is_active, is_anonymous, password, username, id) 
    values
        (?, ?, ?, ?, ?, ?, ?)
2025-08-25T01:04:23.636-07:00 DEBUG 33247 --- [           main] org.hibernate.SQL                        : 
    insert 
    into
        users
        (created_at, email, is_active, is_anonymous, password, username, id) 
    values
        (?, ?, ?, ?, ?, ?, ?)
Hibernate: 
    insert 
    into
        users
        (created_at, email, is_active, is_anonymous, password, username, id) 
    values
        (?, ?, ?, ?, ?, ?, ?)
2025-08-25T01:04:23.636-07:00 DEBUG 33247 --- [           main] org.hibernate.SQL                        : 
    insert 
    into
        users
        (created_at, email, is_active, is_anonymous, password, username, id) 
    values
        (?, ?, ?, ?, ?, ?, ?)
Hibernate: 
    insert 
    into
        users
        (created_at, email, is_active, is_anonymous, password, username, id) 
    values
        (?, ?, ?, ?, ?, ?, ?)
2025-08-25T01:04:23.637-07:00 DEBUG 33247 --- [           main] org.hibernate.SQL                        : 
    select
        u1_0.id 
    from
        users u1_0 
    where
        u1_0.email=? 
    fetch
        first ? rows only
Hibernate: 
    select
        u1_0.id 
    from
        users u1_0 
    where
        u1_0.email=? 
    fetch
        first ? rows only
]]></system-out>
  </testcase>
  <testcase name="findExpiredAnonymousUsers_WhenUsersExist_ReturnsExpiredUsers" classname="com.lovablecline.repository.UserRepositoryTest" time="0.002">
    <system-out><![CDATA[2025-08-25T01:04:23.638-07:00 DEBUG 33247 --- [           main] org.hibernate.SQL                        : 
    insert 
    into
        users
        (created_at, email, is_active, is_anonymous, password, username, id) 
    values
        (?, ?, ?, ?, ?, ?, ?)
Hibernate: 
    insert 
    into
        users
        (created_at, email, is_active, is_anonymous, password, username, id) 
    values
        (?, ?, ?, ?, ?, ?, ?)
2025-08-25T01:04:23.638-07:00 DEBUG 33247 --- [           main] org.hibernate.SQL                        : 
    insert 
    into
        users
        (created_at, email, is_active, is_anonymous, password, username, id) 
    values
        (?, ?, ?, ?, ?, ?, ?)
Hibernate: 
    insert 
    into
        users
        (created_at, email, is_active, is_anonymous, password, username, id) 
    values
        (?, ?, ?, ?, ?, ?, ?)
2025-08-25T01:04:23.639-07:00 DEBUG 33247 --- [           main] org.hibernate.SQL                        : 
    insert 
    into
        users
        (created_at, email, is_active, is_anonymous, password, username, id) 
    values
        (?, ?, ?, ?, ?, ?, ?)
Hibernate: 
    insert 
    into
        users
        (created_at, email, is_active, is_anonymous, password, username, id) 
    values
        (?, ?, ?, ?, ?, ?, ?)
2025-08-25T01:04:23.639-07:00 DEBUG 33247 --- [           main] org.hibernate.SQL                        : 
    select
        u1_0.id,
        u1_0.created_at,
        u1_0.email,
        u1_0.is_active,
        u1_0.is_anonymous,
        u1_0.password,
        u1_0.username 
    from
        users u1_0 
    where
        u1_0.is_anonymous=true 
        and u1_0.created_at<?
Hibernate: 
    select
        u1_0.id,
        u1_0.created_at,
        u1_0.email,
        u1_0.is_active,
        u1_0.is_anonymous,
        u1_0.password,
        u1_0.username 
    from
        users u1_0 
    where
        u1_0.is_anonymous=true 
        and u1_0.created_at<?
]]></system-out>
  </testcase>
  <testcase name="existsByUsername_WhenUsernameExists_ReturnsTrue" classname="com.lovablecline.repository.UserRepositoryTest" time="0.003">
    <system-out><![CDATA[2025-08-25T01:04:23.641-07:00 DEBUG 33247 --- [           main] org.hibernate.SQL                        : 
    insert 
    into
        users
        (created_at, email, is_active, is_anonymous, password, username, id) 
    values
        (?, ?, ?, ?, ?, ?, ?)
Hibernate: 
    insert 
    into
        users
        (created_at, email, is_active, is_anonymous, password, username, id) 
    values
        (?, ?, ?, ?, ?, ?, ?)
2025-08-25T01:04:23.641-07:00 DEBUG 33247 --- [           main] org.hibernate.SQL                        : 
    insert 
    into
        users
        (created_at, email, is_active, is_anonymous, password, username, id) 
    values
        (?, ?, ?, ?, ?, ?, ?)
Hibernate: 
    insert 
    into
        users
        (created_at, email, is_active, is_anonymous, password, username, id) 
    values
        (?, ?, ?, ?, ?, ?, ?)
2025-08-25T01:04:23.641-07:00 DEBUG 33247 --- [           main] org.hibernate.SQL                        : 
    insert 
    into
        users
        (created_at, email, is_active, is_anonymous, password, username, id) 
    values
        (?, ?, ?, ?, ?, ?, ?)
Hibernate: 
    insert 
    into
        users
        (created_at, email, is_active, is_anonymous, password, username, id) 
    values
        (?, ?, ?, ?, ?, ?, ?)
2025-08-25T01:04:23.642-07:00 DEBUG 33247 --- [           main] org.hibernate.SQL                        : 
    select
        u1_0.id 
    from
        users u1_0 
    where
        u1_0.username=? 
    fetch
        first ? rows only
Hibernate: 
    select
        u1_0.id 
    from
        users u1_0 
    where
        u1_0.username=? 
    fetch
        first ? rows only
]]></system-out>
  </testcase>
  <testcase name="save_NewUser_SavesSuccessfully" classname="com.lovablecline.repository.UserRepositoryTest" time="0.002">
    <system-out><![CDATA[2025-08-25T01:04:23.644-07:00 DEBUG 33247 --- [           main] org.hibernate.SQL                        : 
    insert 
    into
        users
        (created_at, email, is_active, is_anonymous, password, username, id) 
    values
        (?, ?, ?, ?, ?, ?, ?)
Hibernate: 
    insert 
    into
        users
        (created_at, email, is_active, is_anonymous, password, username, id) 
    values
        (?, ?, ?, ?, ?, ?, ?)
2025-08-25T01:04:23.644-07:00 DEBUG 33247 --- [           main] org.hibernate.SQL                        : 
    insert 
    into
        users
        (created_at, email, is_active, is_anonymous, password, username, id) 
    values
        (?, ?, ?, ?, ?, ?, ?)
Hibernate: 
    insert 
    into
        users
        (created_at, email, is_active, is_anonymous, password, username, id) 
    values
        (?, ?, ?, ?, ?, ?, ?)
2025-08-25T01:04:23.644-07:00 DEBUG 33247 --- [           main] org.hibernate.SQL                        : 
    insert 
    into
        users
        (created_at, email, is_active, is_anonymous, password, username, id) 
    values
        (?, ?, ?, ?, ?, ?, ?)
Hibernate: 
    insert 
    into
        users
        (created_at, email, is_active, is_anonymous, password, username, id) 
    values
        (?, ?, ?, ?, ?, ?, ?)
]]></system-out>
  </testcase>
  <testcase name="findByEmail_WhenUserExists_ReturnsUser" classname="com.lovablecline.repository.UserRepositoryTest" time="0.003">
    <system-out><![CDATA[2025-08-25T01:04:23.646-07:00 DEBUG 33247 --- [           main] org.hibernate.SQL                        : 
    insert 
    into
        users
        (created_at, email, is_active, is_anonymous, password, username, id) 
    values
        (?, ?, ?, ?, ?, ?, ?)
Hibernate: 
    insert 
    into
        users
        (created_at, email, is_active, is_anonymous, password, username, id) 
    values
        (?, ?, ?, ?, ?, ?, ?)
2025-08-25T01:04:23.647-07:00 DEBUG 33247 --- [           main] org.hibernate.SQL                        : 
    insert 
    into
        users
        (created_at, email, is_active, is_anonymous, password, username, id) 
    values
        (?, ?, ?, ?, ?, ?, ?)
Hibernate: 
    insert 
    into
        users
        (created_at, email, is_active, is_anonymous, password, username, id) 
    values
        (?, ?, ?, ?, ?, ?, ?)
2025-08-25T01:04:23.647-07:00 DEBUG 33247 --- [           main] org.hibernate.SQL                        : 
    insert 
    into
        users
        (created_at, email, is_active, is_anonymous, password, username, id) 
    values
        (?, ?, ?, ?, ?, ?, ?)
Hibernate: 
    insert 
    into
        users
        (created_at, email, is_active, is_anonymous, password, username, id) 
    values
        (?, ?, ?, ?, ?, ?, ?)
2025-08-25T01:04:23.647-07:00 DEBUG 33247 --- [           main] org.hibernate.SQL                        : 
    select
        u1_0.id,
        u1_0.created_at,
        u1_0.email,
        u1_0.is_active,
        u1_0.is_anonymous,
        u1_0.password,
        u1_0.username 
    from
        users u1_0 
    where
        u1_0.email=?
Hibernate: 
    select
        u1_0.id,
        u1_0.created_at,
        u1_0.email,
        u1_0.is_active,
        u1_0.is_anonymous,
        u1_0.password,
        u1_0.username 
    from
        users u1_0 
    where
        u1_0.email=?
]]></system-out>
  </testcase>
  <testcase name="findByUsername_WhenUserDoesNotExist_ReturnsEmpty" classname="com.lovablecline.repository.UserRepositoryTest" time="0.003">
    <system-out><![CDATA[2025-08-25T01:04:23.649-07:00 DEBUG 33247 --- [           main] org.hibernate.SQL                        : 
    insert 
    into
        users
        (created_at, email, is_active, is_anonymous, password, username, id) 
    values
        (?, ?, ?, ?, ?, ?, ?)
Hibernate: 
    insert 
    into
        users
        (created_at, email, is_active, is_anonymous, password, username, id) 
    values
        (?, ?, ?, ?, ?, ?, ?)
2025-08-25T01:04:23.650-07:00 DEBUG 33247 --- [           main] org.hibernate.SQL                        : 
    insert 
    into
        users
        (created_at, email, is_active, is_anonymous, password, username, id) 
    values
        (?, ?, ?, ?, ?, ?, ?)
Hibernate: 
    insert 
    into
        users
        (created_at, email, is_active, is_anonymous, password, username, id) 
    values
        (?, ?, ?, ?, ?, ?, ?)
2025-08-25T01:04:23.650-07:00 DEBUG 33247 --- [           main] org.hibernate.SQL                        : 
    insert 
    into
        users
        (created_at, email, is_active, is_anonymous, password, username, id) 
    values
        (?, ?, ?, ?, ?, ?, ?)
Hibernate: 
    insert 
    into
        users
        (created_at, email, is_active, is_anonymous, password, username, id) 
    values
        (?, ?, ?, ?, ?, ?, ?)
2025-08-25T01:04:23.651-07:00 DEBUG 33247 --- [           main] org.hibernate.SQL                        : 
    select
        u1_0.id,
        u1_0.created_at,
        u1_0.email,
        u1_0.is_active,
        u1_0.is_anonymous,
        u1_0.password,
        u1_0.username 
    from
        users u1_0 
    where
        u1_0.username=?
Hibernate: 
    select
        u1_0.id,
        u1_0.created_at,
        u1_0.email,
        u1_0.is_active,
        u1_0.is_anonymous,
        u1_0.password,
        u1_0.username 
    from
        users u1_0 
    where
        u1_0.username=?
]]></system-out>
  </testcase>
  <testcase name="findByIsAnonymous_WhenNonAnonymousUsersExist_ReturnsNonAnonymousUsers" classname="com.lovablecline.repository.UserRepositoryTest" time="0.003">
    <system-out><![CDATA[2025-08-25T01:04:23.653-07:00 DEBUG 33247 --- [           main] org.hibernate.SQL                        : 
    insert 
    into
        users
        (created_at, email, is_active, is_anonymous, password, username, id) 
    values
        (?, ?, ?, ?, ?, ?, ?)
Hibernate: 
    insert 
    into
        users
        (created_at, email, is_active, is_anonymous, password, username, id) 
    values
        (?, ?, ?, ?, ?, ?, ?)
2025-08-25T01:04:23.653-07:00 DEBUG 33247 --- [           main] org.hibernate.SQL                        : 
    insert 
    into
        users
        (created_at, email, is_active, is_anonymous, password, username, id) 
    values
        (?, ?, ?, ?, ?, ?, ?)
Hibernate: 
    insert 
    into
        users
        (created_at, email, is_active, is_anonymous, password, username, id) 
    values
        (?, ?, ?, ?, ?, ?, ?)
2025-08-25T01:04:23.653-07:00 DEBUG 33247 --- [           main] org.hibernate.SQL                        : 
    insert 
    into
        users
        (created_at, email, is_active, is_anonymous, password, username, id) 
    values
        (?, ?, ?, ?, ?, ?, ?)
Hibernate: 
    insert 
    into
        users
        (created_at, email, is_active, is_anonymous, password, username, id) 
    values
        (?, ?, ?, ?, ?, ?, ?)
2025-08-25T01:04:23.654-07:00 DEBUG 33247 --- [           main] org.hibernate.SQL                        : 
    select
        u1_0.id,
        u1_0.created_at,
        u1_0.email,
        u1_0.is_active,
        u1_0.is_anonymous,
        u1_0.password,
        u1_0.username 
    from
        users u1_0 
    where
        u1_0.is_anonymous=?
Hibernate: 
    select
        u1_0.id,
        u1_0.created_at,
        u1_0.email,
        u1_0.is_active,
        u1_0.is_anonymous,
        u1_0.password,
        u1_0.username 
    from
        users u1_0 
    where
        u1_0.is_anonymous=?
]]></system-out>
  </testcase>
  <testcase name="findById_WhenUserExists_ReturnsUser" classname="com.lovablecline.repository.UserRepositoryTest" time="0.001">
    <system-out><![CDATA[2025-08-25T01:04:23.655-07:00 DEBUG 33247 --- [           main] org.hibernate.SQL                        : 
    insert 
    into
        users
        (created_at, email, is_active, is_anonymous, password, username, id) 
    values
        (?, ?, ?, ?, ?, ?, ?)
Hibernate: 
    insert 
    into
        users
        (created_at, email, is_active, is_anonymous, password, username, id) 
    values
        (?, ?, ?, ?, ?, ?, ?)
2025-08-25T01:04:23.656-07:00 DEBUG 33247 --- [           main] org.hibernate.SQL                        : 
    insert 
    into
        users
        (created_at, email, is_active, is_anonymous, password, username, id) 
    values
        (?, ?, ?, ?, ?, ?, ?)
Hibernate: 
    insert 
    into
        users
        (created_at, email, is_active, is_anonymous, password, username, id) 
    values
        (?, ?, ?, ?, ?, ?, ?)
2025-08-25T01:04:23.656-07:00 DEBUG 33247 --- [           main] org.hibernate.SQL                        : 
    insert 
    into
        users
        (created_at, email, is_active, is_anonymous, password, username, id) 
    values
        (?, ?, ?, ?, ?, ?, ?)
Hibernate: 
    insert 
    into
        users
        (created_at, email, is_active, is_anonymous, password, username, id) 
    values
        (?, ?, ?, ?, ?, ?, ?)
]]></system-out>
  </testcase>
  <testcase name="delete_ExistingUser_RemovesUser" classname="com.lovablecline.repository.UserRepositoryTest" time="0.002">
    <system-out><![CDATA[2025-08-25T01:04:23.658-07:00 DEBUG 33247 --- [           main] org.hibernate.SQL                        : 
    insert 
    into
        users
        (created_at, email, is_active, is_anonymous, password, username, id) 
    values
        (?, ?, ?, ?, ?, ?, ?)
Hibernate: 
    insert 
    into
        users
        (created_at, email, is_active, is_anonymous, password, username, id) 
    values
        (?, ?, ?, ?, ?, ?, ?)
2025-08-25T01:04:23.658-07:00 DEBUG 33247 --- [           main] org.hibernate.SQL                        : 
    insert 
    into
        users
        (created_at, email, is_active, is_anonymous, password, username, id) 
    values
        (?, ?, ?, ?, ?, ?, ?)
Hibernate: 
    insert 
    into
        users
        (created_at, email, is_active, is_anonymous, password, username, id) 
    values
        (?, ?, ?, ?, ?, ?, ?)
2025-08-25T01:04:23.658-07:00 DEBUG 33247 --- [           main] org.hibernate.SQL                        : 
    insert 
    into
        users
        (created_at, email, is_active, is_anonymous, password, username, id) 
    values
        (?, ?, ?, ?, ?, ?, ?)
Hibernate: 
    insert 
    into
        users
        (created_at, email, is_active, is_anonymous, password, username, id) 
    values
        (?, ?, ?, ?, ?, ?, ?)
2025-08-25T01:04:23.658-07:00 DEBUG 33247 --- [           main] org.hibernate.SQL                        : 
    delete 
    from
        users 
    where
        id=?
Hibernate: 
    delete 
    from
        users 
    where
        id=?
2025-08-25T01:04:23.659-07:00 DEBUG 33247 --- [           main] org.hibernate.SQL                        : 
    select
        u1_0.id,
        u1_0.created_at,
        u1_0.email,
        u1_0.is_active,
        u1_0.is_anonymous,
        u1_0.password,
        u1_0.username 
    from
        users u1_0 
    where
        u1_0.id=?
Hibernate: 
    select
        u1_0.id,
        u1_0.created_at,
        u1_0.email,
        u1_0.is_active,
        u1_0.is_anonymous,
        u1_0.password,
        u1_0.username 
    from
        users u1_0 
    where
        u1_0.id=?
]]></system-out>
  </testcase>
  <testcase name="findByUsername_WhenUserExists_ReturnsUser" classname="com.lovablecline.repository.UserRepositoryTest" time="0.002">
    <system-out><![CDATA[2025-08-25T01:04:23.660-07:00 DEBUG 33247 --- [           main] org.hibernate.SQL                        : 
    insert 
    into
        users
        (created_at, email, is_active, is_anonymous, password, username, id) 
    values
        (?, ?, ?, ?, ?, ?, ?)
Hibernate: 
    insert 
    into
        users
        (created_at, email, is_active, is_anonymous, password, username, id) 
    values
        (?, ?, ?, ?, ?, ?, ?)
2025-08-25T01:04:23.660-07:00 DEBUG 33247 --- [           main] org.hibernate.SQL                        : 
    insert 
    into
        users
        (created_at, email, is_active, is_anonymous, password, username, id) 
    values
        (?, ?, ?, ?, ?, ?, ?)
Hibernate: 
    insert 
    into
        users
        (created_at, email, is_active, is_anonymous, password, username, id) 
    values
        (?, ?, ?, ?, ?, ?, ?)
2025-08-25T01:04:23.660-07:00 DEBUG 33247 --- [           main] org.hibernate.SQL                        : 
    insert 
    into
        users
        (created_at, email, is_active, is_anonymous, password, username, id) 
    values
        (?, ?, ?, ?, ?, ?, ?)
Hibernate: 
    insert 
    into
        users
        (created_at, email, is_active, is_anonymous, password, username, id) 
    values
        (?, ?, ?, ?, ?, ?, ?)
2025-08-25T01:04:23.661-07:00 DEBUG 33247 --- [           main] org.hibernate.SQL                        : 
    select
        u1_0.id,
        u1_0.created_at,
        u1_0.email,
        u1_0.is_active,
        u1_0.is_anonymous,
        u1_0.password,
        u1_0.username 
    from
        users u1_0 
    where
        u1_0.username=?
Hibernate: 
    select
        u1_0.id,
        u1_0.created_at,
        u1_0.email,
        u1_0.is_active,
        u1_0.is_anonymous,
        u1_0.password,
        u1_0.username 
    from
        users u1_0 
    where
        u1_0.username=?
]]></system-out>
  </testcase>
  <testcase name="findByIsAnonymous_WhenAnonymousUsersExist_ReturnsAnonymousUsers" classname="com.lovablecline.repository.UserRepositoryTest" time="0.002">
    <system-out><![CDATA[2025-08-25T01:04:23.662-07:00 DEBUG 33247 --- [           main] org.hibernate.SQL                        : 
    insert 
    into
        users
        (created_at, email, is_active, is_anonymous, password, username, id) 
    values
        (?, ?, ?, ?, ?, ?, ?)
Hibernate: 
    insert 
    into
        users
        (created_at, email, is_active, is_anonymous, password, username, id) 
    values
        (?, ?, ?, ?, ?, ?, ?)
2025-08-25T01:04:23.663-07:00 DEBUG 33247 --- [           main] org.hibernate.SQL                        : 
    insert 
    into
        users
        (created_at, email, is_active, is_anonymous, password, username, id) 
    values
        (?, ?, ?, ?, ?, ?, ?)
Hibernate: 
    insert 
    into
        users
        (created_at, email, is_active, is_anonymous, password, username, id) 
    values
        (?, ?, ?, ?, ?, ?, ?)
2025-08-25T01:04:23.663-07:00 DEBUG 33247 --- [           main] org.hibernate.SQL                        : 
    insert 
    into
        users
        (created_at, email, is_active, is_anonymous, password, username, id) 
    values
        (?, ?, ?, ?, ?, ?, ?)
Hibernate: 
    insert 
    into
        users
        (created_at, email, is_active, is_anonymous, password, username, id) 
    values
        (?, ?, ?, ?, ?, ?, ?)
2025-08-25T01:04:23.663-07:00 DEBUG 33247 --- [           main] org.hibernate.SQL                        : 
    select
        u1_0.id,
        u1_0.created_at,
        u1_0.email,
        u1_0.is_active,
        u1_0.is_anonymous,
        u1_0.password,
        u1_0.username 
    from
        users u1_0 
    where
        u1_0.is_anonymous=?
Hibernate: 
    select
        u1_0.id,
        u1_0.created_at,
        u1_0.email,
        u1_0.is_active,
        u1_0.is_anonymous,
        u1_0.password,
        u1_0.username 
    from
        users u1_0 
    where
        u1_0.is_anonymous=?
]]></system-out>
  </testcase>
  <testcase name="existsByUsername_WhenUsernameDoesNotExist_ReturnsFalse" classname="com.lovablecline.repository.UserRepositoryTest" time="0.003">
    <system-out><![CDATA[2025-08-25T01:04:23.665-07:00 DEBUG 33247 --- [           main] org.hibernate.SQL                        : 
    insert 
    into
        users
        (created_at, email, is_active, is_anonymous, password, username, id) 
    values
        (?, ?, ?, ?, ?, ?, ?)
Hibernate: 
    insert 
    into
        users
        (created_at, email, is_active, is_anonymous, password, username, id) 
    values
        (?, ?, ?, ?, ?, ?, ?)
2025-08-25T01:04:23.666-07:00 DEBUG 33247 --- [           main] org.hibernate.SQL                        : 
    insert 
    into
        users
        (created_at, email, is_active, is_anonymous, password, username, id) 
    values
        (?, ?, ?, ?, ?, ?, ?)
Hibernate: 
    insert 
    into
        users
        (created_at, email, is_active, is_anonymous, password, username, id) 
    values
        (?, ?, ?, ?, ?, ?, ?)
2025-08-25T01:04:23.666-07:00 DEBUG 33247 --- [           main] org.hibernate.SQL                        : 
    insert 
    into
        users
        (created_at, email, is_active, is_anonymous, password, username, id) 
    values
        (?, ?, ?, ?, ?, ?, ?)
Hibernate: 
    insert 
    into
        users
        (created_at, email, is_active, is_anonymous, password, username, id) 
    values
        (?, ?, ?, ?, ?, ?, ?)
2025-08-25T01:04:23.667-07:00 DEBUG 33247 --- [           main] org.hibernate.SQL                        : 
    select
        u1_0.id 
    from
        users u1_0 
    where
        u1_0.username=? 
    fetch
        first ? rows only
Hibernate: 
    select
        u1_0.id 
    from
        users u1_0 
    where
        u1_0.username=? 
    fetch
        first ? rows only
]]></system-out>
  </testcase>
  <testcase name="findAll_ReturnsAllUsers" classname="com.lovablecline.repository.UserRepositoryTest" time="0.002">
    <system-out><![CDATA[2025-08-25T01:04:23.668-07:00 DEBUG 33247 --- [           main] org.hibernate.SQL                        : 
    insert 
    into
        users
        (created_at, email, is_active, is_anonymous, password, username, id) 
    values
        (?, ?, ?, ?, ?, ?, ?)
Hibernate: 
    insert 
    into
        users
        (created_at, email, is_active, is_anonymous, password, username, id) 
    values
        (?, ?, ?, ?, ?, ?, ?)
2025-08-25T01:04:23.669-07:00 DEBUG 33247 --- [           main] org.hibernate.SQL                        : 
    insert 
    into
        users
        (created_at, email, is_active, is_anonymous, password, username, id) 
    values
        (?, ?, ?, ?, ?, ?, ?)
Hibernate: 
    insert 
    into
        users
        (created_at, email, is_active, is_anonymous, password, username, id) 
    values
        (?, ?, ?, ?, ?, ?, ?)
2025-08-25T01:04:23.669-07:00 DEBUG 33247 --- [           main] org.hibernate.SQL                        : 
    insert 
    into
        users
        (created_at, email, is_active, is_anonymous, password, username, id) 
    values
        (?, ?, ?, ?, ?, ?, ?)
Hibernate: 
    insert 
    into
        users
        (created_at, email, is_active, is_anonymous, password, username, id) 
    values
        (?, ?, ?, ?, ?, ?, ?)
2025-08-25T01:04:23.669-07:00 DEBUG 33247 --- [           main] org.hibernate.SQL                        : 
    select
        u1_0.id,
        u1_0.created_at,
        u1_0.email,
        u1_0.is_active,
        u1_0.is_anonymous,
        u1_0.password,
        u1_0.username 
    from
        users u1_0
Hibernate: 
    select
        u1_0.id,
        u1_0.created_at,
        u1_0.email,
        u1_0.is_active,
        u1_0.is_anonymous,
        u1_0.password,
        u1_0.username 
    from
        users u1_0
]]></system-out>
  </testcase>
  <testcase name="findById_WhenUserDoesNotExist_ReturnsEmpty" classname="com.lovablecline.repository.UserRepositoryTest" time="0.002">
    <system-out><![CDATA[2025-08-25T01:04:23.671-07:00 DEBUG 33247 --- [           main] org.hibernate.SQL                        : 
    insert 
    into
        users
        (created_at, email, is_active, is_anonymous, password, username, id) 
    values
        (?, ?, ?, ?, ?, ?, ?)
Hibernate: 
    insert 
    into
        users
        (created_at, email, is_active, is_anonymous, password, username, id) 
    values
        (?, ?, ?, ?, ?, ?, ?)
2025-08-25T01:04:23.671-07:00 DEBUG 33247 --- [           main] org.hibernate.SQL                        : 
    insert 
    into
        users
        (created_at, email, is_active, is_anonymous, password, username, id) 
    values
        (?, ?, ?, ?, ?, ?, ?)
Hibernate: 
    insert 
    into
        users
        (created_at, email, is_active, is_anonymous, password, username, id) 
    values
        (?, ?, ?, ?, ?, ?, ?)
2025-08-25T01:04:23.671-07:00 DEBUG 33247 --- [           main] org.hibernate.SQL                        : 
    insert 
    into
        users
        (created_at, email, is_active, is_anonymous, password, username, id) 
    values
        (?, ?, ?, ?, ?, ?, ?)
Hibernate: 
    insert 
    into
        users
        (created_at, email, is_active, is_anonymous, password, username, id) 
    values
        (?, ?, ?, ?, ?, ?, ?)
2025-08-25T01:04:23.672-07:00 DEBUG 33247 --- [           main] org.hibernate.SQL                        : 
    select
        u1_0.id,
        u1_0.created_at,
        u1_0.email,
        u1_0.is_active,
        u1_0.is_anonymous,
        u1_0.password,
        u1_0.username 
    from
        users u1_0 
    where
        u1_0.id=?
Hibernate: 
    select
        u1_0.id,
        u1_0.created_at,
        u1_0.email,
        u1_0.is_active,
        u1_0.is_anonymous,
        u1_0.password,
        u1_0.username 
    from
        users u1_0 
    where
        u1_0.id=?
]]></system-out>
  </testcase>
  <testcase name="existsByEmail_WhenEmailExists_ReturnsTrue" classname="com.lovablecline.repository.UserRepositoryTest" time="0.002">
    <system-out><![CDATA[2025-08-25T01:04:23.673-07:00 DEBUG 33247 --- [           main] org.hibernate.SQL                        : 
    insert 
    into
        users
        (created_at, email, is_active, is_anonymous, password, username, id) 
    values
        (?, ?, ?, ?, ?, ?, ?)
Hibernate: 
    insert 
    into
        users
        (created_at, email, is_active, is_anonymous, password, username, id) 
    values
        (?, ?, ?, ?, ?, ?, ?)
2025-08-25T01:04:23.673-07:00 DEBUG 33247 --- [           main] org.hibernate.SQL                        : 
    insert 
    into
        users
        (created_at, email, is_active, is_anonymous, password, username, id) 
    values
        (?, ?, ?, ?, ?, ?, ?)
Hibernate: 
    insert 
    into
        users
        (created_at, email, is_active, is_anonymous, password, username, id) 
    values
        (?, ?, ?, ?, ?, ?, ?)
2025-08-25T01:04:23.673-07:00 DEBUG 33247 --- [           main] org.hibernate.SQL                        : 
    insert 
    into
        users
        (created_at, email, is_active, is_anonymous, password, username, id) 
    values
        (?, ?, ?, ?, ?, ?, ?)
Hibernate: 
    insert 
    into
        users
        (created_at, email, is_active, is_anonymous, password, username, id) 
    values
        (?, ?, ?, ?, ?, ?, ?)
2025-08-25T01:04:23.674-07:00 DEBUG 33247 --- [           main] org.hibernate.SQL                        : 
    select
        u1_0.id 
    from
        users u1_0 
    where
        u1_0.email=? 
    fetch
        first ? rows only
Hibernate: 
    select
        u1_0.id 
    from
        users u1_0 
    where
        u1_0.email=? 
    fetch
        first ? rows only
]]></system-out>
  </testcase>
</testsuite>